[2962][1585587045868][main][info]["Booting Postman 7.21.1, linux-5.4.0-18-generic on x64"]
[2962][1585587045874][main][info]["EventBus~initialize - Success"]
[2962][1585587045879][main][warn]["CloudProxyManager~init: Error while reading proxy configuration from user data - ",{"errno":-2,"code":"ENOENT","syscall":"open","path":"/home/devasc/snap/postman/103/.config/Postman/Postman_Config/proxy","name":"Error","message":"ENOENT: no such file or directory, open '/home/devasc/snap/postman/103/.config/Postman/Postman_Config/proxy'","stack":"Error: ENOENT: no such file or directory, open '/home/devasc/snap/postman/103/.config/Postman/Postman_Config/proxy'"}]
[2962][1585587045880][main][info]["CloudProxyManager~init - Success"]
[2962][1585587045893][main][info]["UpdateHandler~init - Success"]
[2962][1585587045894][main][info]["RuntimeExecutionService~initialized: Success"]
[2962][1585587046397][main][info]["LinuxAutoUpdater~Cleanup - Initial cleanup successful"]
[2962][1585587046840][main][info]["Bootstrap-models~bootstrap - Success"]
[2962][1585587047705][main][info]["window-manager~newSharedWindow: Shell loaded"]
[2962][1585587053515][main][info]["Main~AppEvents - Received booted event for process shared"]
[2962][1585587057489][main][info]["Main~AppEvents - Received booted event for process requester"]
[2962][1585587064271][main][info]["Quitting app"]
[5309][1684892981487][main][info]["Booting Postman 10.13.0, linux-5.4.0-37-generic on x64"]
[5309][1684892981494][main][info]["EventBus~initialize - Success"]
[5309][1684892981503][main][info]["Proxy configuration has not been setup"]
[5309][1684892981504][main][info]["CloudProxyManager~init - Success"]
[5309][1684892981533][main][info]["performShellDataMigration: Starting shell data migration"]
[5309][1684892981534][main][info]["migrateShellData:Starting"]
[5309][1684892981635][main][info]["migrateShellData: Old storage cleaned up"]
[5309][1684892983738][main][info]["migrateShellData: Got data from shell. Writing to storage"]
[5309][1684892983752][main][info]["performShellDataMigration: Migration successful on try count 1"]
[5309][1684892983769][main][info]["UpdateHandler~init - Success"]
[5309][1684892983776][main][info]["LeaderSelection: Initialized successfully"]
[5309][1684892983779][main][info]["VersionDependencyService: Initialized successfully"]
[5309][1684892983814][main][info]["Generated root certificate for linux"]
[5309][1684892983819][main][info]["LinuxAutoUpdater~Cleanup - Initial cleanup successful"]
[5309][1684892983848][main][info]["GPU detected VID 0 DID 0 ACTIVE false"]
[5309][1684892983920][main][info]["shellController~init: Success"]
[5309][1684892983959][main][info]["shellMeta~init: Success"]
[5309][1684892983960][main][info]["partitionMigrationService: State of V7 partition:"]
[5309][1684892983960][main][info]["partitionMigrationService: V7 partitions",[]]
[5309][1684892983961][main][info]["partitionMigrationService~rectifyNamespaceOfScratchPadPartition: There is no partition with scratchpad namespace"]
[5309][1684892983962][main][info]["partitionMigrationService~rectifyNamespaceOfScratchPadPartition: There is no transit partition which could have been used for scratchpad"]
[5309][1684892983962][main][info]["partitionMigrationService~init: Success"]
[5309][1684892984003][main][info]["partitionMigrationService~runV8PartitionsIntegrity: Two way migration~ removing the following partitions from v8",[]]
[5309][1684892984024][main][info]["userPartitionService~_rectifyTheActivePartitionOfApplication: Setting the active partition to ",null]
[5309][1684892984111][main][info]["partitionMigrationService~migrateSignedOutPartitionAsScratchpad: Migrating v7 logged out state partition as scratchpad on v8 partition system",{"partitionId":"default"}]
[5309][1684892984179][main][info]["userPartitionService~init: Success"]
[5309][1684892984206][main][info]["userPartitionService: State of v8 partition system:"]
[5309][1684892984217][main][info]["shell~init~getPartitionToLoad: loading scratchpad partition"]
[5309][1684892984223][main][info]["userPartitionService: List of partitions:",[{"partitionId":"default","namespace":"scratchPad","userId":0,"teamId":0}]]
[5309][1684892984224][main][info]["userPartitionService: users global meta:",{}]
[5309][1684892988995][main][info]["RuntimeIPCAgent~started: Success"]
[5309][1684892989825][main][info]["windowManager: First requester booted successfully."]
[5309][1684892989827][main][info]["windowManager~restoreWindows: Restoring requester windows"]
[5309][1684892989827][main][info]["Main~AppEvents - Received booted event for process requester.Version undefined UI Version: undefined Desktop Platform Version: 10.13.0"]
[5309][1684893011350][main][info]["WindowManager~closeHandler - Closed Window (id: 2 )"]
[5309][1684893011360][main][info]["Quitting app"]
