[2962][1585587045868][main][info]["Booting Postman 7.21.1, linux-5.4.0-18-generic on x64"]
[2962][1585587045874][main][info]["EventBus~initialize - Success"]
[2962][1585587045879][main][warn]["CloudProxyManager~init: Error while reading proxy configuration from user data - ",{"errno":-2,"code":"ENOENT","syscall":"open","path":"/home/devasc/snap/postman/103/.config/Postman/Postman_Config/proxy","name":"Error","message":"ENOENT: no such file or directory, open '/home/devasc/snap/postman/103/.config/Postman/Postman_Config/proxy'","stack":"Error: ENOENT: no such file or directory, open '/home/devasc/snap/postman/103/.config/Postman/Postman_Config/proxy'"}]
[2962][1585587045880][main][info]["CloudProxyManager~init - Success"]
[2962][1585587045893][main][info]["UpdateHandler~init - Success"]
[2962][1585587045894][main][info]["RuntimeExecutionService~initialized: Success"]
[2962][1585587046397][main][info]["LinuxAutoUpdater~Cleanup - Initial cleanup successful"]
[2962][1585587046840][main][info]["Bootstrap-models~bootstrap - Success"]
[2962][1585587047705][main][info]["window-manager~newSharedWindow: Shell loaded"]
[2962][1585587053515][main][info]["Main~AppEvents - Received booted event for process shared"]
[2962][1585587057489][main][info]["Main~AppEvents - Received booted event for process requester"]
[2962][1585587064271][main][info]["Quitting app"]
[5309][1684892981487][main][info]["Booting Postman 10.13.0, linux-5.4.0-37-generic on x64"]
[5309][1684892981494][main][info]["EventBus~initialize - Success"]
[5309][1684892981503][main][info]["Proxy configuration has not been setup"]
[5309][1684892981504][main][info]["CloudProxyManager~init - Success"]
[5309][1684892981533][main][info]["performShellDataMigration: Starting shell data migration"]
[5309][1684892981534][main][info]["migrateShellData:Starting"]
[5309][1684892981635][main][info]["migrateShellData: Old storage cleaned up"]
[5309][1684892983738][main][info]["migrateShellData: Got data from shell. Writing to storage"]
[5309][1684892983752][main][info]["performShellDataMigration: Migration successful on try count 1"]
[5309][1684892983769][main][info]["UpdateHandler~init - Success"]
[5309][1684892983776][main][info]["LeaderSelection: Initialized successfully"]
[5309][1684892983779][main][info]["VersionDependencyService: Initialized successfully"]
[5309][1684892983814][main][info]["Generated root certificate for linux"]
[5309][1684892983819][main][info]["LinuxAutoUpdater~Cleanup - Initial cleanup successful"]
[5309][1684892983848][main][info]["GPU detected VID 0 DID 0 ACTIVE false"]
[5309][1684892983920][main][info]["shellController~init: Success"]
[5309][1684892983959][main][info]["shellMeta~init: Success"]
[5309][1684892983960][main][info]["partitionMigrationService: State of V7 partition:"]
[5309][1684892983960][main][info]["partitionMigrationService: V7 partitions",[]]
[5309][1684892983961][main][info]["partitionMigrationService~rectifyNamespaceOfScratchPadPartition: There is no partition with scratchpad namespace"]
[5309][1684892983962][main][info]["partitionMigrationService~rectifyNamespaceOfScratchPadPartition: There is no transit partition which could have been used for scratchpad"]
[5309][1684892983962][main][info]["partitionMigrationService~init: Success"]
[5309][1684892984003][main][info]["partitionMigrationService~runV8PartitionsIntegrity: Two way migration~ removing the following partitions from v8",[]]
[5309][1684892984024][main][info]["userPartitionService~_rectifyTheActivePartitionOfApplication: Setting the active partition to ",null]
[5309][1684892984111][main][info]["partitionMigrationService~migrateSignedOutPartitionAsScratchpad: Migrating v7 logged out state partition as scratchpad on v8 partition system",{"partitionId":"default"}]
[5309][1684892984179][main][info]["userPartitionService~init: Success"]
[5309][1684892984206][main][info]["userPartitionService: State of v8 partition system:"]
[5309][1684892984217][main][info]["shell~init~getPartitionToLoad: loading scratchpad partition"]
[5309][1684892984223][main][info]["userPartitionService: List of partitions:",[{"partitionId":"default","namespace":"scratchPad","userId":0,"teamId":0}]]
[5309][1684892984224][main][info]["userPartitionService: users global meta:",{}]
[5309][1684892988995][main][info]["RuntimeIPCAgent~started: Success"]
[5309][1684892989825][main][info]["windowManager: First requester booted successfully."]
[5309][1684892989827][main][info]["windowManager~restoreWindows: Restoring requester windows"]
[5309][1684892989827][main][info]["Main~AppEvents - Received booted event for process requester.Version undefined UI Version: undefined Desktop Platform Version: 10.13.0"]
[5309][1684893011350][main][info]["WindowManager~closeHandler - Closed Window (id: 2 )"]
[5309][1684893011360][main][info]["Quitting app"]
[12471][1750799151577][main][info]["Booting Postman 11.49.0, linux-5.4.0-37-generic on x64"]
[12471][1750799151591][main][info]["EventBus~initialize - Success"]
[12471][1750799151606][main][info]["Proxy configuration has not been setup"]
[12471][1750799151608][main][info]["CloudProxyManager~init - Success"]
[12471][1750799151818][main][info]["performShellDataMigration: Migration has already been done. Bailing out"]
[12471][1750799151829][main][info]["UpdateHandler~init - Success"]
[12471][1750799151836][main][info]["LeaderSelection: Initialized successfully"]
[12471][1750799151862][main][info]["GPU detected VID 0 DID 0 ACTIVE false"]
[12471][1750799151865][main][info]["shellController~init: Success"]
[12471][1750799151866][main][info]["shellMeta~init: Success"]
[12471][1750799151867][main][info]["partitionMigrationService: State of V7 partition:"]
[12471][1750799151868][main][info]["partitionMigrationService: V7 partitions",[]]
[12471][1750799151868][main][info]["partitionMigrationService~rectifyNamespaceOfScratchPadPartition: There is no partition with scratchpad namespace"]
[12471][1750799151869][main][info]["partitionMigrationService~rectifyNamespaceOfScratchPadPartition: There is no transit partition which could have been used for scratchpad"]
[12471][1750799151869][main][info]["partitionMigrationService~init: Success"]
[12471][1750799151870][main][info]["partitionMigrationService~runV8PartitionsIntegrity: Two way migration~ removing the following partitions from v8",[]]
[12471][1750799151871][main][info]["userPartitionService~_rectifyTheActivePartitionOfApplication: Setting the active partition to ",null]
[12471][1750799151897][main][info]["LinuxAutoUpdater~Cleanup - Initial cleanup successful"]
[12471][1750799151912][main][info]["newAccountRegionPreferenceService~getPreferenceWithFallback - Preference not found in storage."]
[12471][1750799151912][main][info]["newAccountRegionPreferenceService~getToggleMenuTemplate - Using preference:","useUSRegion"]
[12471][1750799151936][main][info]["userPartitionService~init: Success"]
[12471][1750799151967][main][info]["userPartitionService: State of v8 partition system:"]
[12471][1750799151968][main][info]["shell~init~getPartitionToLoad: loading scratchpad partition"]
[12471][1750799151969][main][info]["userPartitionService: List of partitions:",[{"partitionId":"default","namespace":"scratchPad","userId":0,"teamId":0}]]
[12471][1750799151969][main][info]["userPartitionService: users global meta:",{}]
[12471][1750799151969][main][info]["Main:windowManager~newRequesterWindow: Fetch and update runtime config: undefined"]
[12471][1750799162102][main][info]["RuntimeIPCAgent~started: Success"]
[12471][1750799162166][main][info]["Main~scratchpadThemeAction:: action: set, value: light"]
[12471][1750799162235][main][info]["INTERCEPTOR CONNECTIVITY: Connecting to Interceptor Bridge"]
[12471][1750799162271][main][info]["windowManager: First requester booted successfully."]
[12471][1750799162272][main][info]["windowManager~restoreWindows: Restoring requester windows"]
[12471][1750799162274][main][info]["WebVersionService: Initialized successfully with version: undefined"]
[12471][1750799162275][main][info]["Main~AppEvents - Received booted event for process requester.Version undefined UI Version: undefined Desktop Platform Version: 11.49.0"]
[12471][1750799174413][main][info]["Main - model-events~user - (users, add) received"]
[12471][1750799174503][main][info]["WebVersionService: Resetting UI version as user logged out/switched account"]
[12471][1750799174508][main][info]["WebVersionService: Resetting web app version"]
[12471][1750799175582][main][info]["AuthHandler~open: Received dom-ready event."]
[12471][1750799175586][main][info]["AuthHandler~open: Received did-finish-load event."]
[12471][1750799175937][main][warn]["AuthHandler~open: Current app is not default protocol client - Falling back to polling mechanism."]
[12471][1750799175939][main][info]["newAccountRegionPreferenceService~getPreferenceWithFallback - Preference not found in storage."]
[12471][1750799175940][main][info]["newAccountRegionPreferenceService~getRegionPreference - Using preference:","useUSRegion"]
[12471][1750799175941][main][info]["AuthHandler~open: new Account region preference:","us"]
[12471][1750799175941][main][info]["AuthHandler~open: get multiLoginToken token."]
[12471][1750799175942][main][info]["AuthHandler~open: Publishing initialize event to auth-window channel."]
[12471][1750799306739][main][info]["Shell~init~loginUser: associating the user ","24589279"," with transit partition"]
[12471][1750799306741][main][info]["userPartitionService~getNewPartitionId: creating a partition with userId and teamId as 0"]
[12471][1750799306798][main][info]["userPartitionService~associateTransitPartition: ",{"partitionId":"254e818e-17ad-4fad-9b17-69da7e7d649b","context":{"namespace":"users","userId":"24589279","teamId":"0","region":"us"}}]
[12471][1750799306831][main][info]["userPartitionService: State of v8 partition system:"]
[12471][1750799306832][main][info]["userPartitionService: List of partitions:",[{"partitionId":"254e818e-17ad-4fad-9b17-69da7e7d649b","namespace":"users","userId":"24589279","teamId":"0","lastUpdated":"2025-06-24T21:08:26.798Z"},{"partitionId":"default","namespace":"scratchPad","userId":0,"teamId":0}]]
[12471][1750799306833][main][info]["userPartitionService: users global meta:",{}]
[12471][1750799306849][main][info]["Main:windowManager~newRequesterWindow: Fetch and update runtime config: us"]
[12471][1750799307035][main][info]["getDesktopReleaseVersionAsQueryParams: webVersion: "]
[12471][1750799315030][main][info]["Main~getRemoteInitPath:: "]
[12471][1750799315267][main][info]["Main - model-events~user - (user, update) received"]
[12471][1750799315274][main][info]["Main~reload: https://desktop.postman.com/?desktopVersion=11.49.0&userId=24589279&teamId=0&region=us"]
[12471][1750799318570][main][info]["Main~getRemoteInitPath:: "]
[12471][1750799318835][main][info]["Main - model-events~user - (user, update) received"]
[12471][1750799319548][main][info]["Main - model-events~user - (user, bootstrapUser) received"]
[12471][1750799319549][main][info]["model-events~user - bootstrapUser received"]
[12471][1750799319764][main][info]["windowManager: First requester booted successfully."]
[12471][1750799319764][main][info]["windowManager~restoreWindows: Restoring requester windows"]
[12471][1750799319764][main][info]["WebVersionService: Initialized successfully with version: 11.49.3-ui-250611-2338"]
[12471][1750799319765][main][info]["Main~AppEvents - Received booted event for process requester.Version 11.49.3 UI Version: 11.49.3-ui-250611-2338 Desktop Platform Version: 11.49.0"]
[12471][1750799319884][main][info]["Main~getRemoteInitPath:: "]
[12471][1750799320790][main][info]["INTERCEPTOR CONNECTIVITY: Attempting to start websocket server on port 15611"]
[12471][1750799326439][main][info]["Main - model-events~user - (user, bootstrapUser) received"]
[12471][1750799326441][main][info]["model-events~user - bootstrapUser received"]
[12471][1750799326469][main][info]["Main~getPlatformLaunchPerfMetrics"]
[12471][1750799326522][main][error]["Error while retrieving user key from keychain",{"name":"Error","message":"An AppArmor policy prevents this sender from sending this message to this recipient; type=\"method_call\", sender=\":1.57\" (uid=900 pid=12471 comm=\"/snap/postman/337/usr/share/postman/postman --no-s\" label=\"snap.postman.postman (enforce)\") interface=\"org.freedesktop.Secret.Service\" member=\"OpenSession\" error name=\"(unset)\" requested_reply=\"0\" destination=\":1.14\" (uid=900 pid=2279 comm=\"gnome-keyring-daemon --start \" label=\"unconfined\")","stack":"Error: An AppArmor policy prevents this sender from sending this message to this recipient; type=\"method_call\", sender=\":1.57\" (uid=900 pid=12471 comm=\"/snap/postman/337/usr/share/postman/postman --no-s\" label=\"snap.postman.postman (enforce)\") interface=\"org.freedesktop.Secret.Service\" member=\"OpenSession\" error name=\"(unset)\" requested_reply=\"0\" destination=\":1.14\" (uid=900 pid=2279 comm=\"gnome-keyring-daemon --start \" label=\"unconfined\")"}]
[12471][1750800272467][main][info]["WindowManager~closeHandler - Closed Window (id: 3 )"]
[12471][1750800272517][main][info]["Quitting app"]
[2775][1752444781334][main][info]["Booting Postman 11.49.0, linux-5.4.0-37-generic on x64"]
[2775][1752444781339][main][info]["EventBus~initialize - Success"]
[2775][1752444781355][main][info]["Proxy configuration has not been setup"]
[2775][1752444781358][main][info]["CloudProxyManager~init - Success"]
[2775][1752444781663][main][info]["performShellDataMigration: Migration has already been done. Bailing out"]
[2775][1752444781682][main][info]["UpdateHandler~init - Success"]
[2775][1752444781693][main][info]["LeaderSelection: Initialized successfully"]
[2775][1752444781716][main][info]["GPU detected VID 0 DID 0 ACTIVE false"]
[2775][1752444781722][main][info]["shellController~init: Success"]
[2775][1752444781723][main][info]["shellMeta~init: Success"]
[2775][1752444781723][main][info]["partitionMigrationService: State of V7 partition:"]
[2775][1752444781724][main][info]["partitionMigrationService: V7 partitions",[]]
[2775][1752444781724][main][info]["partitionMigrationService~rectifyNamespaceOfScratchPadPartition: There is no partition with scratchpad namespace"]
[2775][1752444781724][main][info]["partitionMigrationService~rectifyNamespaceOfScratchPadPartition: There is no transit partition which could have been used for scratchpad"]
[2775][1752444781725][main][info]["partitionMigrationService~init: Success"]
[2775][1752444781726][main][info]["partitionMigrationService~runV8PartitionsIntegrity: Two way migration~ removing the following partitions from v8",[]]
[2775][1752444781727][main][info]["userPartitionService~getRecentV8UserPartition: recent v8 user context partition ","254e818e-17ad-4fad-9b17-69da7e7d649b"]
[2775][1752444781727][main][info]["userPartitionService~_rectifyTheActivePartitionOfApplication: Setting the active partition to ","254e818e-17ad-4fad-9b17-69da7e7d649b"]
[2775][1752444781735][main][info]["LinuxAutoUpdater~Cleanup - Initial cleanup successful"]
[2775][1752444781740][main][info]["newAccountRegionPreferenceService~getPreferenceWithFallback - Preference not found in storage."]
[2775][1752444781740][main][info]["newAccountRegionPreferenceService~getToggleMenuTemplate - Using preference:","useUSRegion"]
[2775][1752444781761][main][info]["userPartitionService~init: Success"]
[2775][1752444781796][main][info]["userPartitionService: State of v8 partition system:"]
[2775][1752444781796][main][info]["shell~init~getPartitionToLoad: loading active partition"]
[2775][1752444781797][main][info]["userPartitionService: List of partitions:",[{"partitionId":"254e818e-17ad-4fad-9b17-69da7e7d649b","namespace":"users","userId":"24589279","teamId":"0","lastUpdated":"2025-06-24T21:08:26.798Z"},{"partitionId":"default","namespace":"scratchPad","userId":0,"teamId":0}]]
[2775][1752444781798][main][info]["userPartitionService: users global meta:",{}]
[2775][1752444781798][main][info]["Main:windowManager~newRequesterWindow: Fetch and update runtime config: us"]
[2775][1752444782964][main][info]["getDesktopReleaseVersionAsQueryParams: webVersion: "]
[2775][1752444788117][main][info]["Main~getRemoteInitPath:: "]
[2775][1752444788398][main][info]["INTERCEPTOR CONNECTIVITY: Connecting to Interceptor Bridge"]
[2775][1752444788483][main][info]["windowManager: First requester booted successfully."]
[2775][1752444788484][main][info]["windowManager~restoreWindows: Restoring requester windows"]
[2775][1752444788484][main][info]["WebVersionService: Initialized successfully with version: 11.49.3-ui-250611-2338"]
[2775][1752444788485][main][info]["Main~AppEvents - Received booted event for process requester.Version 11.49.3 UI Version: 11.49.3-ui-250611-2338 Desktop Platform Version: 11.49.0"]
[2775][1752444788717][main][info]["Main~getRemoteInitPath:: "]
[2775][1752444789447][main][info]["INTERCEPTOR CONNECTIVITY: Attempting to start websocket server on port 15611"]
[2775][1752444793787][main][info]["Main - model-events~user - (user, bootstrapUser) received"]
[2775][1752444793788][main][info]["model-events~user - bootstrapUser received"]
[2775][1752444793817][main][info]["Main~getPlatformLaunchPerfMetrics"]
[2775][1752444794100][main][info]["Main~users-list-update: ",["24589279"]]
[2775][1752444795949][main][info]["RuntimeIPCAgent~started: Success"]
[2775][1752444796602][main][error]["Error while retrieving user key from keychain",{"name":"Error","message":"An AppArmor policy prevents this sender from sending this message to this recipient; type=\"method_call\", sender=\":1.53\" (uid=900 pid=2775 comm=\"/snap/postman/337/usr/share/postman/postman --no-s\" label=\"snap.postman.postman (enforce)\") interface=\"org.freedesktop.Secret.Service\" member=\"OpenSession\" error name=\"(unset)\" requested_reply=\"0\" destination=\":1.14\" (uid=900 pid=2372 comm=\"gnome-keyring-daemon --start \" label=\"unconfined\")","stack":"Error: An AppArmor policy prevents this sender from sending this message to this recipient; type=\"method_call\", sender=\":1.53\" (uid=900 pid=2775 comm=\"/snap/postman/337/usr/share/postman/postman --no-s\" label=\"snap.postman.postman (enforce)\") interface=\"org.freedesktop.Secret.Service\" member=\"OpenSession\" error name=\"(unset)\" requested_reply=\"0\" destination=\":1.14\" (uid=900 pid=2372 comm=\"gnome-keyring-daemon --start \" label=\"unconfined\")"}]
[2775][1752445056509][main][info]["WindowManager~closeHandler - Closed Window (id: 1 )"]
[2775][1752445056541][main][info]["Quitting app"]
