2023-05-24 01:50:19.801 [warning] Via 'product.json#extensionEnabledApiProposals' extension 'ms-vscode.vscode-selfhost-test-provider' wants API proposal 'testContinuousRun' but that proposal DOES NOT EXIST. Likely, the proposal has been finalized (check 'vscode.d.ts') or was abandoned.
2023-05-24 01:50:21.084 [info] Started initializing default profile extensions in extensions installation folder. file:///home/devasc/.vscode/extensions
2023-05-24 01:50:23.305 [info] Completed initializing default profile extensions in extensions installation folder. file:///home/devasc/.vscode/extensions
2023-05-24 01:50:27.015 [info] [perf] Render performance baseline is 138ms
2023-05-24 01:51:35.404 [warning] [ms-python.vscode-pylance]: Cannot register 'python.analysis.logLevel'. This property is already registered.
2023-05-24 01:51:35.405 [warning] [ms-python.vscode-pylance]: Cannot register 'python.analysis.typeshedPaths'. This property is already registered.
2023-05-24 01:51:45.812 [error] [Extension Host] Error Python Extension: 2023-05-24 01:51:45: Failed to download and store experiments, Class name = b, completed in 749ms, has a falsy return value, Arg 1: <argument cannot be serialized for logging>, Return Value: undefined [Error: Failed with status 404, Not Found, Uri https://raw.githubusercontent.com/microsoft/vscode-python/master/experiments.json
	at H._callback (/home/devasc/.vscode/extensions/ms-python.python-2020.6.88468/out/client/extension.js:46:708571)
	at a._callback.a.callback.a.callback (/home/devasc/.vscode/extensions/ms-python.python-2020.6.88468/out/client/node_modules/request.js:195:5441)
	at H.emit (node:events:513:28)
	at H.<anonymous> (/home/devasc/.vscode/extensions/ms-python.python-2020.6.88468/out/client/node_modules/request.js:195:18301)
	at H.emit (node:events:513:28)
	at IncomingMessage.<anonymous> (/home/devasc/.vscode/extensions/ms-python.python-2020.6.88468/out/client/node_modules/request.js:195:17133)
	at Object.onceWrapper (node:events:627:28)
	at IncomingMessage.emit (node:events:525:35)
	at endReadableNT (node:internal/streams/readable:1358:12)
	at process.processTicksAndRejections (node:internal/process/task_queues:83:21)]
2023-05-24 01:51:45.815 [error] [Extension Host] Error Python Extension: 2023-05-24 01:51:45: Effort to download experiments within timeout failed with error [Error: Failed with status 404, Not Found, Uri https://raw.githubusercontent.com/microsoft/vscode-python/master/experiments.json
	at H._callback (/home/devasc/.vscode/extensions/ms-python.python-2020.6.88468/out/client/extension.js:46:708571)
	at a._callback.a.callback.a.callback (/home/devasc/.vscode/extensions/ms-python.python-2020.6.88468/out/client/node_modules/request.js:195:5441)
	at H.emit (node:events:513:28)
	at H.<anonymous> (/home/devasc/.vscode/extensions/ms-python.python-2020.6.88468/out/client/node_modules/request.js:195:18301)
	at H.emit (node:events:513:28)
	at IncomingMessage.<anonymous> (/home/devasc/.vscode/extensions/ms-python.python-2020.6.88468/out/client/node_modules/request.js:195:17133)
	at Object.onceWrapper (node:events:627:28)
	at IncomingMessage.emit (node:events:525:35)
	at endReadableNT (node:internal/streams/readable:1358:12)
	at process.processTicksAndRejections (node:internal/process/task_queues:83:21)]
2023-05-24 01:51:46.090 [error] [Extension Host] Error Python Extension: 2023-05-24 01:51:46: Failure during activation. [Error: The number of constructor arguments in the derived class o must be >= than the number of constructor arguments of its base class.
	at /home/devasc/.vscode/extensions/ms-python.python-2020.6.88468/out/client/extension.js:39:261081
	at Array.forEach (<anonymous>)
	at e (/home/devasc/.vscode/extensions/ms-python.python-2020.6.88468/out/client/extension.js:39:260644)
	at /home/devasc/.vscode/extensions/ms-python.python-2020.6.88468/out/client/extension.js:39:261118
	at Array.forEach (<anonymous>)
	at /home/devasc/.vscode/extensions/ms-python.python-2020.6.88468/out/client/extension.js:39:261097
	at Array.forEach (<anonymous>)
	at e (/home/devasc/.vscode/extensions/ms-python.python-2020.6.88468/out/client/extension.js:39:260644)
	at /home/devasc/.vscode/extensions/ms-python.python-2020.6.88468/out/client/extension.js:39:261118
	at Array.forEach (<anonymous>)
	at /home/devasc/.vscode/extensions/ms-python.python-2020.6.88468/out/client/extension.js:39:261097
	at Array.forEach (<anonymous>)
	at e (/home/devasc/.vscode/extensions/ms-python.python-2020.6.88468/out/client/extension.js:39:260644)
	at /home/devasc/.vscode/extensions/ms-python.python-2020.6.88468/out/client/extension.js:39:261118
	at Array.forEach (<anonymous>)
	at /home/devasc/.vscode/extensions/ms-python.python-2020.6.88468/out/client/extension.js:39:261097
	at Array.forEach (<anonymous>)
	at e (/home/devasc/.vscode/extensions/ms-python.python-2020.6.88468/out/client/extension.js:39:260644)
	at /home/devasc/.vscode/extensions/ms-python.python-2020.6.88468/out/client/extension.js:39:261118
	at Array.forEach (<anonymous>)
	at /home/devasc/.vscode/extensions/ms-python.python-2020.6.88468/out/client/extension.js:39:261097
	at Array.forEach (<anonymous>)
	at e (/home/devasc/.vscode/extensions/ms-python.python-2020.6.88468/out/client/extension.js:39:260644)
	at t.plan (/home/devasc/.vscode/extensions/ms-python.python-2020.6.88468/out/client/extension.js:39:261159)
	at /home/devasc/.vscode/extensions/ms-python.python-2020.6.88468/out/client/extension.js:39:257812
	at e._get (/home/devasc/.vscode/extensions/ms-python.python-2020.6.88468/out/client/extension.js:39:257721)
	at e.get (/home/devasc/.vscode/extensions/ms-python.python-2020.6.88468/out/client/extension.js:39:256432)
	at a.get (/home/devasc/.vscode/extensions/ms-python.python-2020.6.88468/out/client/extension.js:48:999865)
	at /home/devasc/.vscode/extensions/ms-python.python-2020.6.88468/out/client/extension.js:39:280985]
2023-05-24 01:51:46.092 [error] [Extension Host] Error Python Extension: 2023-05-24 01:51:46: sendStartupTelemetry() failed. [Error: The number of constructor arguments in the derived class o must be >= than the number of constructor arguments of its base class.
	at /home/devasc/.vscode/extensions/ms-python.python-2020.6.88468/out/client/extension.js:39:261081
	at Array.forEach (<anonymous>)
	at e (/home/devasc/.vscode/extensions/ms-python.python-2020.6.88468/out/client/extension.js:39:260644)
	at /home/devasc/.vscode/extensions/ms-python.python-2020.6.88468/out/client/extension.js:39:261118
	at Array.forEach (<anonymous>)
	at /home/devasc/.vscode/extensions/ms-python.python-2020.6.88468/out/client/extension.js:39:261097
	at Array.forEach (<anonymous>)
	at e (/home/devasc/.vscode/extensions/ms-python.python-2020.6.88468/out/client/extension.js:39:260644)
	at /home/devasc/.vscode/extensions/ms-python.python-2020.6.88468/out/client/extension.js:39:261118
	at Array.forEach (<anonymous>)
	at /home/devasc/.vscode/extensions/ms-python.python-2020.6.88468/out/client/extension.js:39:261097
	at Array.forEach (<anonymous>)
	at e (/home/devasc/.vscode/extensions/ms-python.python-2020.6.88468/out/client/extension.js:39:260644)
	at /home/devasc/.vscode/extensions/ms-python.python-2020.6.88468/out/client/extension.js:39:261118
	at Array.forEach (<anonymous>)
	at /home/devasc/.vscode/extensions/ms-python.python-2020.6.88468/out/client/extension.js:39:261097
	at Array.forEach (<anonymous>)
	at e (/home/devasc/.vscode/extensions/ms-python.python-2020.6.88468/out/client/extension.js:39:260644)
	at /home/devasc/.vscode/extensions/ms-python.python-2020.6.88468/out/client/extension.js:39:261118
	at Array.forEach (<anonymous>)
	at /home/devasc/.vscode/extensions/ms-python.python-2020.6.88468/out/client/extension.js:39:261097
	at Array.forEach (<anonymous>)
	at e (/home/devasc/.vscode/extensions/ms-python.python-2020.6.88468/out/client/extension.js:39:260644)
	at t.plan (/home/devasc/.vscode/extensions/ms-python.python-2020.6.88468/out/client/extension.js:39:261159)
	at /home/devasc/.vscode/extensions/ms-python.python-2020.6.88468/out/client/extension.js:39:257812
	at e._get (/home/devasc/.vscode/extensions/ms-python.python-2020.6.88468/out/client/extension.js:39:257721)
	at e.get (/home/devasc/.vscode/extensions/ms-python.python-2020.6.88468/out/client/extension.js:39:256432)
	at a.get (/home/devasc/.vscode/extensions/ms-python.python-2020.6.88468/out/client/extension.js:48:999865)
	at /home/devasc/.vscode/extensions/ms-python.python-2020.6.88468/out/client/extension.js:39:280985]
2023-05-24 01:51:46.142 [error] [Extension Host] Error Python Extension: 2023-05-24 01:51:46: Failed to download and store experiments, Class name = b, completed in 295ms, has a falsy return value, , Return Value: undefined [Error: Failed with status 404, Not Found, Uri https://raw.githubusercontent.com/microsoft/vscode-python/master/experiments.json
	at H._callback (/home/devasc/.vscode/extensions/ms-python.python-2020.6.88468/out/client/extension.js:46:708571)
	at a._callback.a.callback.a.callback (/home/devasc/.vscode/extensions/ms-python.python-2020.6.88468/out/client/node_modules/request.js:195:5441)
	at H.emit (node:events:513:28)
	at H.<anonymous> (/home/devasc/.vscode/extensions/ms-python.python-2020.6.88468/out/client/node_modules/request.js:195:18301)
	at H.emit (node:events:513:28)
	at IncomingMessage.<anonymous> (/home/devasc/.vscode/extensions/ms-python.python-2020.6.88468/out/client/node_modules/request.js:195:17133)
	at Object.onceWrapper (node:events:627:28)
	at IncomingMessage.emit (node:events:525:35)
	at endReadableNT (node:internal/streams/readable:1358:12)
	at process.processTicksAndRejections (node:internal/process/task_queues:83:21)]
2023-05-24 01:51:46.143 [error] [Extension Host] Error Python Extension: 2023-05-24 01:51:46: Failed to initialize experiments, Class name = b, completed in 296ms, has a falsy return value, , Return Value: undefined [Error: Failed with status 404, Not Found, Uri https://raw.githubusercontent.com/microsoft/vscode-python/master/experiments.json
	at H._callback (/home/devasc/.vscode/extensions/ms-python.python-2020.6.88468/out/client/extension.js:46:708571)
	at a._callback.a.callback.a.callback (/home/devasc/.vscode/extensions/ms-python.python-2020.6.88468/out/client/node_modules/request.js:195:5441)
	at H.emit (node:events:513:28)
	at H.<anonymous> (/home/devasc/.vscode/extensions/ms-python.python-2020.6.88468/out/client/node_modules/request.js:195:18301)
	at H.emit (node:events:513:28)
	at IncomingMessage.<anonymous> (/home/devasc/.vscode/extensions/ms-python.python-2020.6.88468/out/client/node_modules/request.js:195:17133)
	at Object.onceWrapper (node:events:627:28)
	at IncomingMessage.emit (node:events:525:35)
	at endReadableNT (node:internal/streams/readable:1358:12)
	at process.processTicksAndRejections (node:internal/process/task_queues:83:21)]
2023-05-24 01:52:22.433 [warning] Via 'product.json#extensionEnabledApiProposals' extension 'ms-vscode.vscode-selfhost-test-provider' wants API proposal 'testContinuousRun' but that proposal DOES NOT EXIST. Likely, the proposal has been finalized (check 'vscode.d.ts') or was abandoned.
2023-05-24 01:52:29.051 [info] [perf] Render performance baseline is 151ms
